22:22:37.078 |I| Core                           | RequestBuilder thread:10       | MsBuild process with Id = 496
22:22:37.079 |I| Core                           | RequestBuilder thread:10       | MsBuild location = /run/host/usr/share/dotnet/sdk/7.0.302/MSBuild.dll
22:22:37.079 |I| Core                           | RequestBuilder thread:10       | ServerGC = False
22:22:37.079 |I| Core                           | RequestBuilder thread:10       | 
22:22:37.079 |I| Core                           | RequestBuilder thread:10       | Start ControllerTask...
22:22:37.081 |I| Core                           | RequestBuilder thread:10       | Detected version: 17.6
22:22:37.081 |I| Core                           | RequestBuilder thread:10       | Creating SocketWire with port = 37403
22:22:37.094 |I| Core                           | RequestBuilder thread:10       | Create protocol...
22:22:37.126 |I| Core                           | RequestBuilder thread:10       | Create MsBuildModel and advise for new sessions...
22:22:37.163 |I| Core                           | RequestBuilder thread:10       | Subscribe for changes...
22:22:37.164 |I| Core                           | RequestBuilder thread:10       | Setup process watchdog...
22:22:37.207 |I| Core                           | RequestBuilder thread:10       | Run dispatcher...
22:22:37.210 |I| ProcessWatchdog                | WatchParentPid:448:15          | Monitoring parent process PID:448
22:22:37.519 |I| Core                           | RequestBuilder thread:10       | Get protocol session 'RdProjectModelSession'
22:22:37.560 |I| Core                           | RequestBuilder thread:10       | Msbuild session 'ProjectModelSessionHost' created
22:22:37.753 |I| ProjectModel                   | RequestBuilder thread:10       | Reloading 30 project(s) in 4 node(s)...
22:22:37.754 |I| ProjectModel                   | RequestBuilder thread:10       | Reason: WarmStartup
22:22:37.757 |I| Build                          | MSBuild LoggingService events queue pump: 28805302:17 | Build started.
22:22:37.759 |I| BuildQueue                     | RequestBuilder thread:10       | Build queue: False
22:22:38.858 |I| BuildQueue                     | RequestBuilder thread:10       | Build immediately: \home\olaf\Documents\air\robotic_arm\robotic_arm\UnityEditor.UI.csproj
22:22:38.861 |I| Build                          | RequestBuilder thread:10       | Start build 'UnityEditor.UI.csproj' with 1 target frameworks
22:22:38.867 |I| Build                          | RequestBuilder thread:10       | Targets for build: _CheckForInvalidConfigurationAndPlatform;CollectCentralPackageVersions;ResolveReferences;ResolveProjectReferences;ResolveAssemblyReferences;ResolveComReferences;ResolveNativeReferences;ResolveSdkReferences;ResolveFrameworkReferences;Compile;CoreCompile
22:22:38.870 |I| BuildQueue                     | RequestBuilder thread:10       | Build immediately: \home\olaf\Documents\air\robotic_arm\robotic_arm\Unity.TextMeshPro.Editor.csproj
22:22:38.870 |I| Build                          | RequestBuilder thread:10       | Start build 'Unity.TextMeshPro.Editor.csproj' with 1 target frameworks
22:22:38.873 |I| Build                          | RequestBuilder thread:10       | Targets for build: _CheckForInvalidConfigurationAndPlatform;CollectCentralPackageVersions;ResolveReferences;ResolveProjectReferences;ResolveAssemblyReferences;ResolveComReferences;ResolveNativeReferences;ResolveSdkReferences;ResolveFrameworkReferences;Compile;CoreCompile
22:22:38.873 |I| BuildQueue                     | RequestBuilder thread:10       | Build immediately: \home\olaf\Documents\air\robotic_arm\robotic_arm\Assembly-CSharp.csproj
22:22:38.873 |I| Build                          | RequestBuilder thread:10       | Start build 'Assembly-CSharp.csproj' with 1 target frameworks
22:22:39.068 |I| Build                          | RequestBuilder thread:10       | Targets for build: _CheckForInvalidConfigurationAndPlatform;CollectCentralPackageVersions;ResolveReferences;ResolveProjectReferences;ResolveAssemblyReferences;ResolveComReferences;ResolveNativeReferences;ResolveSdkReferences;ResolveFrameworkReferences;Compile;CoreCompile
22:22:39.071 |I| BuildQueue                     | RequestBuilder thread:10       | Build immediately: \home\olaf\Documents\air\robotic_arm\robotic_arm\UnityEngine.TestRunner.csproj
22:22:39.071 |I| Build                          | RequestBuilder thread:10       | Start build 'UnityEngine.TestRunner.csproj' with 1 target frameworks
22:22:39.257 |I| Build                          | RequestBuilder thread:10       | Targets for build: _CheckForInvalidConfigurationAndPlatform;CollectCentralPackageVersions;ResolveReferences;ResolveProjectReferences;ResolveAssemblyReferences;ResolveComReferences;ResolveNativeReferences;ResolveSdkReferences;ResolveFrameworkReferences;Compile;CoreCompile
22:22:39.457 |I| BuildQueue                     | RequestBuilder thread:10       | Build immediately: \home\olaf\Documents\air\robotic_arm\robotic_arm\UnityEngine.UI.csproj
22:22:39.458 |I| Build                          | RequestBuilder thread:10       | Start build 'UnityEngine.UI.csproj' with 1 target frameworks
22:22:39.459 |I| Build                          | RequestBuilder thread:10       | Targets for build: _CheckForInvalidConfigurationAndPlatform;CollectCentralPackageVersions;ResolveReferences;ResolveProjectReferences;ResolveAssemblyReferences;ResolveComReferences;ResolveNativeReferences;ResolveSdkReferences;ResolveFrameworkReferences;Compile;CoreCompile
22:22:39.459 |I| BuildQueue                     | RequestBuilder thread:10       | Build immediately: \home\olaf\Documents\air\robotic_arm\robotic_arm\Unity.VisualScripting.SettingsProvider.Editor.csproj
22:22:39.460 |I| Build                          | RequestBuilder thread:10       | Start build 'Unity.VisualScripting.SettingsProvider.Editor.csproj' with 1 target frameworks
22:22:39.462 |I| Build                          | RequestBuilder thread:10       | Targets for build: _CheckForInvalidConfigurationAndPlatform;CollectCentralPackageVersions;ResolveReferences;ResolveProjectReferences;ResolveAssemblyReferences;ResolveComReferences;ResolveNativeReferences;ResolveSdkReferences;ResolveFrameworkReferences;Compile;CoreCompile
22:22:39.464 |I| BuildQueue                     | RequestBuilder thread:10       | Build immediately: \home\olaf\Documents\air\robotic_arm\robotic_arm\Unity.PlasticSCM.Editor.csproj
22:22:39.465 |I| Build                          | RequestBuilder thread:10       | Start build 'Unity.PlasticSCM.Editor.csproj' with 1 target frameworks
22:22:39.468 |I| Build                          | RequestBuilder thread:10       | Targets for build: _CheckForInvalidConfigurationAndPlatform;CollectCentralPackageVersions;ResolveReferences;ResolveProjectReferences;ResolveAssemblyReferences;ResolveComReferences;ResolveNativeReferences;ResolveSdkReferences;ResolveFrameworkReferences;Compile;CoreCompile
22:22:39.471 |I| BuildQueue                     | RequestBuilder thread:10       | Build immediately: \home\olaf\Documents\air\robotic_arm\robotic_arm\Unity.TestTools.CodeCoverage.Editor.OpenCover.Model.csproj
22:22:39.471 |I| Build                          | RequestBuilder thread:10       | Start build 'Unity.TestTools.CodeCoverage.Editor.OpenCover.Model.csproj' with 1 target frameworks
22:22:39.473 |I| Build                          | RequestBuilder thread:10       | Targets for build: _CheckForInvalidConfigurationAndPlatform;CollectCentralPackageVersions;ResolveReferences;ResolveProjectReferences;ResolveAssemblyReferences;ResolveComReferences;ResolveNativeReferences;ResolveSdkReferences;ResolveFrameworkReferences;Compile;CoreCompile
22:22:39.474 |I| BuildQueue                     | RequestBuilder thread:10       | Build immediately: \home\olaf\Documents\air\robotic_arm\robotic_arm\Unity.VisualScripting.Flow.csproj
22:22:39.474 |I| Build                          | RequestBuilder thread:10       | Start build 'Unity.VisualScripting.Flow.csproj' with 1 target frameworks
22:22:39.479 |I| Build                          | RequestBuilder thread:10       | Targets for build: _CheckForInvalidConfigurationAndPlatform;CollectCentralPackageVersions;ResolveReferences;ResolveProjectReferences;ResolveAssemblyReferences;ResolveComReferences;ResolveNativeReferences;ResolveSdkReferences;ResolveFrameworkReferences;Compile;CoreCompile
22:22:39.480 |I| BuildQueue                     | RequestBuilder thread:10       | Build immediately: \home\olaf\Documents\air\robotic_arm\robotic_arm\UnityEditor.TestRunner.csproj
22:22:39.480 |I| Build                          | RequestBuilder thread:10       | Start build 'UnityEditor.TestRunner.csproj' with 1 target frameworks
22:22:39.483 |I| Build                          | RequestBuilder thread:10       | Targets for build: _CheckForInvalidConfigurationAndPlatform;CollectCentralPackageVersions;ResolveReferences;ResolveProjectReferences;ResolveAssemblyReferences;ResolveComReferences;ResolveNativeReferences;ResolveSdkReferences;ResolveFrameworkReferences;Compile;CoreCompile
22:22:39.484 |I| BuildQueue                     | RequestBuilder thread:10       | Build immediately: \home\olaf\Documents\air\robotic_arm\robotic_arm\Unity.EditorCoroutines.Editor.csproj
22:22:39.484 |I| Build                          | RequestBuilder thread:10       | Start build 'Unity.EditorCoroutines.Editor.csproj' with 1 target frameworks
22:22:39.486 |I| Build                          | RequestBuilder thread:10       | Targets for build: _CheckForInvalidConfigurationAndPlatform;CollectCentralPackageVersions;ResolveReferences;ResolveProjectReferences;ResolveAssemblyReferences;ResolveComReferences;ResolveNativeReferences;ResolveSdkReferences;ResolveFrameworkReferences;Compile;CoreCompile
22:22:39.487 |I| BuildQueue                     | RequestBuilder thread:10       | Build immediately: \home\olaf\Documents\air\robotic_arm\robotic_arm\Unity.TestTools.CodeCoverage.Editor.csproj
22:22:39.487 |I| Build                          | RequestBuilder thread:10       | Start build 'Unity.TestTools.CodeCoverage.Editor.csproj' with 1 target frameworks
22:22:39.507 |I| Build                          | RequestBuilder thread:10       | Targets for build: _CheckForInvalidConfigurationAndPlatform;CollectCentralPackageVersions;ResolveReferences;ResolveProjectReferences;ResolveAssemblyReferences;ResolveComReferences;ResolveNativeReferences;ResolveSdkReferences;ResolveFrameworkReferences;Compile;CoreCompile
22:22:39.512 |I| BuildQueue                     | RequestBuilder thread:10       | Build immediately: \home\olaf\Documents\air\robotic_arm\robotic_arm\Unity.VisualScripting.State.csproj
22:22:39.512 |I| Build                          | RequestBuilder thread:10       | Start build 'Unity.VisualScripting.State.csproj' with 1 target frameworks
22:22:39.514 |I| Build                          | RequestBuilder thread:10       | Targets for build: _CheckForInvalidConfigurationAndPlatform;CollectCentralPackageVersions;ResolveReferences;ResolveProjectReferences;ResolveAssemblyReferences;ResolveComReferences;ResolveNativeReferences;ResolveSdkReferences;ResolveFrameworkReferences;Compile;CoreCompile
22:22:39.515 |I| BuildQueue                     | RequestBuilder thread:10       | Build immediately: \home\olaf\Documents\air\robotic_arm\robotic_arm\Unity.VisualScripting.Core.Editor.csproj
22:22:39.516 |I| Build                          | RequestBuilder thread:10       | Start build 'Unity.VisualScripting.Core.Editor.csproj' with 1 target frameworks
22:22:39.522 |I| Build                          | RequestBuilder thread:10       | Targets for build: _CheckForInvalidConfigurationAndPlatform;CollectCentralPackageVersions;ResolveReferences;ResolveProjectReferences;ResolveAssemblyReferences;ResolveComReferences;ResolveNativeReferences;ResolveSdkReferences;ResolveFrameworkReferences;Compile;CoreCompile
22:22:39.525 |I| BuildQueue                     | RequestBuilder thread:10       | Build immediately: \home\olaf\Documents\air\robotic_arm\robotic_arm\Unity.Settings.Editor.csproj
22:22:39.525 |I| Build                          | RequestBuilder thread:10       | Start build 'Unity.Settings.Editor.csproj' with 1 target frameworks
22:22:39.527 |I| Build                          | RequestBuilder thread:10       | Targets for build: _CheckForInvalidConfigurationAndPlatform;CollectCentralPackageVersions;ResolveReferences;ResolveProjectReferences;ResolveAssemblyReferences;ResolveComReferences;ResolveNativeReferences;ResolveSdkReferences;ResolveFrameworkReferences;Compile;CoreCompile
22:22:39.527 |I| BuildQueue                     | RequestBuilder thread:10       | Build immediately: \home\olaf\Documents\air\robotic_arm\robotic_arm\Unity.Rider.Editor.csproj
22:22:39.527 |I| Build                          | RequestBuilder thread:10       | Start build 'Unity.Rider.Editor.csproj' with 1 target frameworks
22:22:39.529 |I| Build                          | RequestBuilder thread:10       | Targets for build: _CheckForInvalidConfigurationAndPlatform;CollectCentralPackageVersions;ResolveReferences;ResolveProjectReferences;ResolveAssemblyReferences;ResolveComReferences;ResolveNativeReferences;ResolveSdkReferences;ResolveFrameworkReferences;Compile;CoreCompile
22:22:39.529 |I| BuildQueue                     | RequestBuilder thread:10       | Build immediately: \home\olaf\Documents\air\robotic_arm\robotic_arm\Unity.VisualScripting.Flow.Editor.csproj
22:22:39.529 |I| Build                          | RequestBuilder thread:10       | Start build 'Unity.VisualScripting.Flow.Editor.csproj' with 1 target frameworks
22:22:39.531 |I| Build                          | RequestBuilder thread:10       | Targets for build: _CheckForInvalidConfigurationAndPlatform;CollectCentralPackageVersions;ResolveReferences;ResolveProjectReferences;ResolveAssemblyReferences;ResolveComReferences;ResolveNativeReferences;ResolveSdkReferences;ResolveFrameworkReferences;Compile;CoreCompile
22:22:39.532 |I| BuildQueue                     | RequestBuilder thread:10       | Build immediately: \home\olaf\Documents\air\robotic_arm\robotic_arm\JetBrains.Frontend.2021.2.csproj
22:22:39.532 |I| Build                          | RequestBuilder thread:10       | Start build 'JetBrains.Frontend.2021.2.csproj' with 1 target frameworks
22:22:39.533 |I| Build                          | RequestBuilder thread:10       | Targets for build: _CheckForInvalidConfigurationAndPlatform;CollectCentralPackageVersions;ResolveReferences;ResolveProjectReferences;ResolveAssemblyReferences;ResolveComReferences;ResolveNativeReferences;ResolveSdkReferences;ResolveFrameworkReferences;Compile;CoreCompile
22:22:39.534 |I| BuildQueue                     | RequestBuilder thread:10       | Build immediately: \home\olaf\Documents\air\robotic_arm\robotic_arm\Unity.VisualScripting.Core.csproj
22:22:39.534 |I| Build                          | RequestBuilder thread:10       | Start build 'Unity.VisualScripting.Core.csproj' with 1 target frameworks
22:22:39.537 |I| Build                          | RequestBuilder thread:10       | Targets for build: _CheckForInvalidConfigurationAndPlatform;CollectCentralPackageVersions;ResolveReferences;ResolveProjectReferences;ResolveAssemblyReferences;ResolveComReferences;ResolveNativeReferences;ResolveSdkReferences;ResolveFrameworkReferences;Compile;CoreCompile
22:22:39.538 |I| BuildQueue                     | RequestBuilder thread:10       | Build immediately: \home\olaf\Documents\air\robotic_arm\robotic_arm\Unity.VisualStudio.Editor.csproj
22:22:39.538 |I| Build                          | RequestBuilder thread:10       | Start build 'Unity.VisualStudio.Editor.csproj' with 1 target frameworks
22:22:39.540 |I| Build                          | RequestBuilder thread:10       | Targets for build: _CheckForInvalidConfigurationAndPlatform;CollectCentralPackageVersions;ResolveReferences;ResolveProjectReferences;ResolveAssemblyReferences;ResolveComReferences;ResolveNativeReferences;ResolveSdkReferences;ResolveFrameworkReferences;Compile;CoreCompile
22:22:39.541 |I| BuildQueue                     | RequestBuilder thread:10       | Build immediately: \home\olaf\Documents\air\robotic_arm\robotic_arm\Unity.CollabProxy.Editor.csproj
22:22:39.541 |I| Build                          | RequestBuilder thread:10       | Start build 'Unity.CollabProxy.Editor.csproj' with 1 target frameworks
22:22:39.554 |I| Build                          | RequestBuilder thread:10       | Targets for build: _CheckForInvalidConfigurationAndPlatform;CollectCentralPackageVersions;ResolveReferences;ResolveProjectReferences;ResolveAssemblyReferences;ResolveComReferences;ResolveNativeReferences;ResolveSdkReferences;ResolveFrameworkReferences;Compile;CoreCompile
22:22:39.555 |I| BuildQueue                     | RequestBuilder thread:10       | Build immediately: \home\olaf\Documents\air\robotic_arm\robotic_arm\Unity.Performance.Profile-Analyzer.Editor.csproj
22:22:39.555 |I| Build                          | RequestBuilder thread:10       | Start build 'Unity.Performance.Profile-Analyzer.Editor.csproj' with 1 target frameworks
22:22:39.557 |I| Build                          | RequestBuilder thread:10       | Targets for build: _CheckForInvalidConfigurationAndPlatform;CollectCentralPackageVersions;ResolveReferences;ResolveProjectReferences;ResolveAssemblyReferences;ResolveComReferences;ResolveNativeReferences;ResolveSdkReferences;ResolveFrameworkReferences;Compile;CoreCompile
22:22:39.558 |I| BuildQueue                     | RequestBuilder thread:10       | Build immediately: \home\olaf\Documents\air\robotic_arm\robotic_arm\Unity.TextMeshPro.csproj
22:22:39.558 |I| Build                          | RequestBuilder thread:10       | Start build 'Unity.TextMeshPro.csproj' with 1 target frameworks
22:22:39.560 |I| Build                          | RequestBuilder thread:10       | Targets for build: _CheckForInvalidConfigurationAndPlatform;CollectCentralPackageVersions;ResolveReferences;ResolveProjectReferences;ResolveAssemblyReferences;ResolveComReferences;ResolveNativeReferences;ResolveSdkReferences;ResolveFrameworkReferences;Compile;CoreCompile
22:22:39.561 |I| BuildQueue                     | RequestBuilder thread:10       | Build immediately: \home\olaf\Documents\air\robotic_arm\robotic_arm\Unity.VSCode.Editor.csproj
22:22:39.561 |I| Build                          | RequestBuilder thread:10       | Start build 'Unity.VSCode.Editor.csproj' with 1 target frameworks
22:22:39.563 |I| Build                          | RequestBuilder thread:10       | Targets for build: _CheckForInvalidConfigurationAndPlatform;CollectCentralPackageVersions;ResolveReferences;ResolveProjectReferences;ResolveAssemblyReferences;ResolveComReferences;ResolveNativeReferences;ResolveSdkReferences;ResolveFrameworkReferences;Compile;CoreCompile
22:22:39.564 |I| BuildQueue                     | RequestBuilder thread:10       | Build immediately: \home\olaf\Documents\air\robotic_arm\robotic_arm\Unity.Timeline.csproj
22:22:39.564 |I| Build                          | RequestBuilder thread:10       | Start build 'Unity.Timeline.csproj' with 1 target frameworks
22:22:39.565 |I| Build                          | RequestBuilder thread:10       | Targets for build: _CheckForInvalidConfigurationAndPlatform;CollectCentralPackageVersions;ResolveReferences;ResolveProjectReferences;ResolveAssemblyReferences;ResolveComReferences;ResolveNativeReferences;ResolveSdkReferences;ResolveFrameworkReferences;Compile;CoreCompile
22:22:39.566 |I| BuildQueue                     | RequestBuilder thread:10       | Build immediately: \home\olaf\Documents\air\robotic_arm\robotic_arm\Unity.TestTools.CodeCoverage.Editor.OpenCover.Mono.Reflection.csproj
22:22:39.566 |I| Build                          | RequestBuilder thread:10       | Start build 'Unity.TestTools.CodeCoverage.Editor.OpenCover.Mono.Reflection.csproj' with 1 target frameworks
22:22:39.568 |I| Build                          | RequestBuilder thread:10       | Targets for build: _CheckForInvalidConfigurationAndPlatform;CollectCentralPackageVersions;ResolveReferences;ResolveProjectReferences;ResolveAssemblyReferences;ResolveComReferences;ResolveNativeReferences;ResolveSdkReferences;ResolveFrameworkReferences;Compile;CoreCompile
22:22:39.568 |I| BuildQueue                     | RequestBuilder thread:10       | Build immediately: \home\olaf\Documents\air\robotic_arm\robotic_arm\Unity.Timeline.Editor.csproj
22:22:39.568 |I| Build                          | RequestBuilder thread:10       | Start build 'Unity.Timeline.Editor.csproj' with 1 target frameworks
22:22:39.570 |I| Build                          | RequestBuilder thread:10       | Targets for build: _CheckForInvalidConfigurationAndPlatform;CollectCentralPackageVersions;ResolveReferences;ResolveProjectReferences;ResolveAssemblyReferences;ResolveComReferences;ResolveNativeReferences;ResolveSdkReferences;ResolveFrameworkReferences;Compile;CoreCompile
22:22:39.571 |I| BuildQueue                     | RequestBuilder thread:10       | Build immediately: \home\olaf\Documents\air\robotic_arm\robotic_arm\Unity.VisualScripting.Shared.Editor.csproj
22:22:39.571 |I| Build                          | RequestBuilder thread:10       | Start build 'Unity.VisualScripting.Shared.Editor.csproj' with 1 target frameworks
22:22:39.572 |I| Build                          | RequestBuilder thread:10       | Targets for build: _CheckForInvalidConfigurationAndPlatform;CollectCentralPackageVersions;ResolveReferences;ResolveProjectReferences;ResolveAssemblyReferences;ResolveComReferences;ResolveNativeReferences;ResolveSdkReferences;ResolveFrameworkReferences;Compile;CoreCompile
22:22:39.573 |I| BuildQueue                     | RequestBuilder thread:10       | Build immediately: \home\olaf\Documents\air\robotic_arm\robotic_arm\Unity.VisualScripting.State.Editor.csproj
22:22:39.573 |I| Build                          | RequestBuilder thread:10       | Start build 'Unity.VisualScripting.State.Editor.csproj' with 1 target frameworks
22:22:39.576 |I| Build                          | RequestBuilder thread:10       | Targets for build: _CheckForInvalidConfigurationAndPlatform;CollectCentralPackageVersions;ResolveReferences;ResolveProjectReferences;ResolveAssemblyReferences;ResolveComReferences;ResolveNativeReferences;ResolveSdkReferences;ResolveFrameworkReferences;Compile;CoreCompile
22:22:39.577 |I| BuildQueue                     | RequestBuilder thread:10       | Build immediately: \home\olaf\Documents\air\robotic_arm\robotic_arm\Assembly-CSharp-Editor.csproj
22:22:39.577 |I| Build                          | RequestBuilder thread:10       | Start build 'Assembly-CSharp-Editor.csproj' with 1 target frameworks
22:22:39.579 |I| Build                          | RequestBuilder thread:10       | Targets for build: _CheckForInvalidConfigurationAndPlatform;CollectCentralPackageVersions;ResolveReferences;ResolveProjectReferences;ResolveAssemblyReferences;ResolveComReferences;ResolveNativeReferences;ResolveSdkReferences;ResolveFrameworkReferences;Compile;CoreCompile
22:22:39.757 |I| Build                          | .NET ThreadPool Worker:7       | Finish build part [1/1] for project 'Unity.VisualScripting.State.csproj': Success
22:22:39.757 |I| Build                          | .NET ThreadPool Worker:7       | Finish build project 'Unity.VisualScripting.State.csproj': Success
22:22:39.807 |I| Build                          | .NET ThreadPool Worker:5       | Finish build part [1/1] for project 'Unity.TextMeshPro.csproj': Success
22:22:39.807 |I| Build                          | .NET ThreadPool Worker:5       | Finish build project 'Unity.TextMeshPro.csproj': Success
22:22:39.810 |I| Build                          | .NET ThreadPool Worker:9       | Finish build part [1/1] for project 'Unity.Timeline.csproj': Success
22:22:39.810 |I| Build                          | .NET ThreadPool Worker:9       | Finish build project 'Unity.Timeline.csproj': Success
22:22:39.852 |I| Build                          | .NET ThreadPool Worker:9       | Finish build part [1/1] for project 'Unity.VisualScripting.Core.csproj': Success
22:22:39.852 |I| Build                          | .NET ThreadPool Worker:9       | Finish build project 'Unity.VisualScripting.Core.csproj': Success
22:22:40.006 |I| Build                          | .NET ThreadPool Worker:26      | Finish build part [1/1] for project 'UnityEngine.TestRunner.csproj': Success
22:22:40.006 |I| Build                          | .NET ThreadPool Worker:26      | Finish build project 'UnityEngine.TestRunner.csproj': Success
22:22:40.051 |I| Build                          | .NET ThreadPool Worker:5       | Finish build part [1/1] for project 'Unity.Settings.Editor.csproj': Success
22:22:40.051 |I| Build                          | .NET ThreadPool Worker:5       | Finish build project 'Unity.Settings.Editor.csproj': Success
22:22:40.060 |I| Build                          | .NET ThreadPool Worker:5       | Finish build part [1/1] for project 'UnityEditor.UI.csproj': Success
22:22:40.060 |I| Build                          | .NET ThreadPool Worker:5       | Finish build project 'UnityEditor.UI.csproj': Success
22:22:40.067 |I| Build                          | .NET ThreadPool Worker:5       | Finish build part [1/1] for project 'Unity.Rider.Editor.csproj': Success
22:22:40.067 |I| Build                          | .NET ThreadPool Worker:5       | Finish build project 'Unity.Rider.Editor.csproj': Success
22:22:40.070 |I| Build                          | .NET ThreadPool Worker:19      | Finish build part [1/1] for project 'JetBrains.Frontend.2021.2.csproj': Success
22:22:40.070 |I| Build                          | .NET ThreadPool Worker:19      | Finish build project 'JetBrains.Frontend.2021.2.csproj': Success
22:22:40.071 |I| Build                          | .NET ThreadPool Worker:7       | Finish build part [1/1] for project 'Unity.VisualScripting.Flow.Editor.csproj': Success
22:22:40.072 |I| Build                          | .NET ThreadPool Worker:7       | Finish build project 'Unity.VisualScripting.Flow.Editor.csproj': Success
22:22:40.074 |I| Build                          | .NET ThreadPool Worker:24      | Finish build part [1/1] for project 'Unity.EditorCoroutines.Editor.csproj': Success
22:22:40.074 |I| Build                          | .NET ThreadPool Worker:24      | Finish build project 'Unity.EditorCoroutines.Editor.csproj': Success
22:22:40.087 |I| Build                          | .NET ThreadPool Worker:26      | Finish build part [1/1] for project 'Unity.VisualStudio.Editor.csproj': Success
22:22:40.087 |I| Build                          | .NET ThreadPool Worker:26      | Finish build project 'Unity.VisualStudio.Editor.csproj': Success
22:22:40.090 |I| Build                          | .NET ThreadPool Worker:7       | Finish build part [1/1] for project 'Unity.Performance.Profile-Analyzer.Editor.csproj': Success
22:22:40.090 |I| Build                          | .NET ThreadPool Worker:7       | Finish build project 'Unity.Performance.Profile-Analyzer.Editor.csproj': Success
22:22:40.095 |I| Build                          | .NET ThreadPool Worker:7       | Finish build part [1/1] for project 'Unity.VSCode.Editor.csproj': Success
22:22:40.095 |I| Build                          | .NET ThreadPool Worker:7       | Finish build project 'Unity.VSCode.Editor.csproj': Success
22:22:40.097 |I| Build                          | .NET ThreadPool Worker:5       | Finish build part [1/1] for project 'Unity.VisualScripting.Core.Editor.csproj': Success
22:22:40.097 |I| Build                          | .NET ThreadPool Worker:5       | Finish build project 'Unity.VisualScripting.Core.Editor.csproj': Success
22:22:40.099 |I| Build                          | .NET ThreadPool Worker:7       | Finish build part [1/1] for project 'Unity.TestTools.CodeCoverage.Editor.OpenCover.Mono.Reflection.csproj': Success
22:22:40.099 |I| Build                          | .NET ThreadPool Worker:7       | Finish build project 'Unity.TestTools.CodeCoverage.Editor.OpenCover.Mono.Reflection.csproj': Success
22:22:40.127 |I| Build                          | .NET ThreadPool Worker:7       | Finish build part [1/1] for project 'Unity.TextMeshPro.Editor.csproj': Success
22:22:40.127 |I| Build                          | .NET ThreadPool Worker:7       | Finish build project 'Unity.TextMeshPro.Editor.csproj': Success
22:22:40.131 |I| Build                          | .NET ThreadPool Worker:7       | Finish build part [1/1] for project 'Unity.Timeline.Editor.csproj': Success
22:22:40.131 |I| Build                          | .NET ThreadPool Worker:7       | Finish build project 'Unity.Timeline.Editor.csproj': Success
22:22:40.154 |I| Build                          | .NET ThreadPool Worker:5       | Finish build part [1/1] for project 'Unity.VisualScripting.State.Editor.csproj': Success
22:22:40.154 |I| Build                          | .NET ThreadPool Worker:5       | Finish build project 'Unity.VisualScripting.State.Editor.csproj': Success
22:22:40.164 |I| Build                          | .NET ThreadPool Worker:18      | Finish build part [1/1] for project 'Unity.CollabProxy.Editor.csproj': Success
22:22:40.164 |I| Build                          | .NET ThreadPool Worker:18      | Finish build project 'Unity.CollabProxy.Editor.csproj': Success
22:22:40.168 |I| Build                          | .NET ThreadPool Worker:26      | Finish build part [1/1] for project 'Assembly-CSharp-Editor.csproj': Success
22:22:40.168 |I| Build                          | .NET ThreadPool Worker:26      | Finish build project 'Assembly-CSharp-Editor.csproj': Success
22:22:40.174 |I| Build                          | .NET ThreadPool Worker:7       | Finish build part [1/1] for project 'Unity.VisualScripting.Shared.Editor.csproj': Success
22:22:40.175 |I| Build                          | .NET ThreadPool Worker:7       | Finish build project 'Unity.VisualScripting.Shared.Editor.csproj': Success
22:22:40.200 |I| Build                          | .NET ThreadPool Worker:24      | Finish build part [1/1] for project 'Unity.TestTools.CodeCoverage.Editor.csproj': Success
22:22:40.201 |I| Build                          | .NET ThreadPool Worker:24      | Finish build project 'Unity.TestTools.CodeCoverage.Editor.csproj': Success
22:22:40.202 |I| Build                          | .NET ThreadPool Worker:7       | Finish build part [1/1] for project 'Assembly-CSharp.csproj': Success
22:22:40.202 |I| Build                          | .NET ThreadPool Worker:7       | Finish build project 'Assembly-CSharp.csproj': Success
22:22:40.213 |I| Build                          | .NET ThreadPool Worker:7       | Finish build part [1/1] for project 'UnityEditor.TestRunner.csproj': Success
22:22:40.213 |I| Build                          | .NET ThreadPool Worker:7       | Finish build project 'UnityEditor.TestRunner.csproj': Success
22:22:40.227 |I| Build                          | .NET ThreadPool Worker:24      | Finish build part [1/1] for project 'Unity.VisualScripting.Flow.csproj': Success
22:22:40.227 |I| Build                          | .NET ThreadPool Worker:24      | Finish build project 'Unity.VisualScripting.Flow.csproj': Success
22:22:40.243 |I| Build                          | .NET ThreadPool Worker:26      | Finish build part [1/1] for project 'Unity.TestTools.CodeCoverage.Editor.OpenCover.Model.csproj': Success
22:22:40.243 |I| Build                          | .NET ThreadPool Worker:26      | Finish build project 'Unity.TestTools.CodeCoverage.Editor.OpenCover.Model.csproj': Success
22:22:40.253 |I| Build                          | .NET ThreadPool Worker:7       | Finish build part [1/1] for project 'Unity.PlasticSCM.Editor.csproj': Success
22:22:40.253 |I| Build                          | .NET ThreadPool Worker:7       | Finish build project 'Unity.PlasticSCM.Editor.csproj': Success
22:22:40.272 |I| Build                          | .NET ThreadPool Worker:24      | Finish build part [1/1] for project 'Unity.VisualScripting.SettingsProvider.Editor.csproj': Success
22:22:40.272 |I| Build                          | .NET ThreadPool Worker:24      | Finish build project 'Unity.VisualScripting.SettingsProvider.Editor.csproj': Success
22:22:40.279 |I| Build                          | .NET ThreadPool Worker:24      | Finish build part [1/1] for project 'UnityEngine.UI.csproj': Success
22:22:40.279 |I| Build                          | .NET ThreadPool Worker:24      | Finish build project 'UnityEngine.UI.csproj': Success
22:22:40.635 |I| Build                          | MSBuild LoggingService events queue pump: 28805302:17 | Build FAILED.
22:22:40.640 |I| ProjectModel                   | RequestBuilder thread:10       | Reloading has finished, statistic: 
	Total: 2.88 sec
	Binding: 0.23 sec
	Evaluation: 3.52 sec
22:36:05.569 |I| ProjectModel                   | RequestBuilder thread:10       | Reloading 43 project(s) in 4 node(s)...
22:36:05.573 |I| ProjectModel                   | RequestBuilder thread:10       | Reason: Sync
22:36:05.583 |I| Build                          | MSBuild LoggingService events queue pump: 8825307:20 | Build started.
22:36:05.586 |I| BuildQueue                     | RequestBuilder thread:10       | Build queue: False
22:36:05.940 |I| BuildQueue                     | RequestBuilder thread:10       | Build immediately: \home\olaf\Documents\air\robotic_arm\robotic_arm\Assembly-CSharp-Editor-firstpass.csproj
22:36:05.940 |I| Build                          | RequestBuilder thread:10       | Start build 'Assembly-CSharp-Editor-firstpass.csproj' with 1 target frameworks
22:36:05.941 |I| Build                          | RequestBuilder thread:10       | Targets for build: _CheckForInvalidConfigurationAndPlatform;CollectCentralPackageVersions;ResolveReferences;ResolveProjectReferences;ResolveAssemblyReferences;ResolveComReferences;ResolveNativeReferences;ResolveSdkReferences;ResolveFrameworkReferences;Compile;CoreCompile
22:36:05.941 |I| BuildQueue                     | RequestBuilder thread:10       | Build immediately: \home\olaf\Documents\air\robotic_arm\robotic_arm\Unity.Settings.Tests.csproj
22:36:05.941 |I| Build                          | RequestBuilder thread:10       | Start build 'Unity.Settings.Tests.csproj' with 1 target frameworks
22:36:05.942 |I| Build                          | RequestBuilder thread:10       | Targets for build: _CheckForInvalidConfigurationAndPlatform;CollectCentralPackageVersions;ResolveReferences;ResolveProjectReferences;ResolveAssemblyReferences;ResolveComReferences;ResolveNativeReferences;ResolveSdkReferences;ResolveFrameworkReferences;Compile;CoreCompile
22:36:05.943 |I| BuildQueue                     | RequestBuilder thread:10       | Build immediately: \home\olaf\Documents\air\robotic_arm\robotic_arm\Unity.TestTools.CodeCoverage.Editor.csproj
22:36:05.943 |I| Build                          | RequestBuilder thread:10       | Start build 'Unity.TestTools.CodeCoverage.Editor.csproj' with 1 target frameworks
22:36:06.115 |I| Build                          | RequestBuilder thread:10       | Targets for build: _CheckForInvalidConfigurationAndPlatform;CollectCentralPackageVersions;ResolveReferences;ResolveProjectReferences;ResolveAssemblyReferences;ResolveComReferences;ResolveNativeReferences;ResolveSdkReferences;ResolveFrameworkReferences;Compile;CoreCompile
22:36:06.115 |I| Build                          | .NET ThreadPool Worker:24      | Finish build part [1/1] for project 'Assembly-CSharp-Editor-firstpass.csproj': Success
22:36:06.115 |I| Build                          | .NET ThreadPool Worker:24      | Finish build project 'Assembly-CSharp-Editor-firstpass.csproj': Success
22:36:06.116 |I| BuildQueue                     | RequestBuilder thread:10       | Build immediately: \home\olaf\Documents\air\robotic_arm\robotic_arm\Assembly-CSharp.csproj
22:36:06.116 |I| Build                          | RequestBuilder thread:10       | Start build 'Assembly-CSharp.csproj' with 1 target frameworks
22:36:06.122 |I| Build                          | RequestBuilder thread:10       | Targets for build: _CheckForInvalidConfigurationAndPlatform;CollectCentralPackageVersions;ResolveReferences;ResolveProjectReferences;ResolveAssemblyReferences;ResolveComReferences;ResolveNativeReferences;ResolveSdkReferences;ResolveFrameworkReferences;Compile;CoreCompile
22:36:06.122 |I| BuildQueue                     | RequestBuilder thread:10       | Build immediately: \home\olaf\Documents\air\robotic_arm\robotic_arm\UnityEngine.UI.Tests.csproj
22:36:06.123 |I| Build                          | RequestBuilder thread:10       | Start build 'UnityEngine.UI.Tests.csproj' with 1 target frameworks
22:36:06.275 |I| Build                          | RequestBuilder thread:10       | Targets for build: _CheckForInvalidConfigurationAndPlatform;CollectCentralPackageVersions;ResolveReferences;ResolveProjectReferences;ResolveAssemblyReferences;ResolveComReferences;ResolveNativeReferences;ResolveSdkReferences;ResolveFrameworkReferences;Compile;CoreCompile
22:36:06.276 |I| BuildQueue                     | RequestBuilder thread:10       | Build immediately: \home\olaf\Documents\air\robotic_arm\robotic_arm\Unity.Performance.Profile-Analyzer.EditorTests.csproj
22:36:06.276 |I| Build                          | RequestBuilder thread:10       | Start build 'Unity.Performance.Profile-Analyzer.EditorTests.csproj' with 1 target frameworks
22:36:06.519 |I| Build                          | RequestBuilder thread:10       | Targets for build: _CheckForInvalidConfigurationAndPlatform;CollectCentralPackageVersions;ResolveReferences;ResolveProjectReferences;ResolveAssemblyReferences;ResolveComReferences;ResolveNativeReferences;ResolveSdkReferences;ResolveFrameworkReferences;Compile;CoreCompile
22:36:06.519 |I| BuildQueue                     | RequestBuilder thread:10       | Build immediately: \home\olaf\Documents\air\robotic_arm\robotic_arm\UnityEditor.UI.EditorTests.csproj
22:36:06.519 |I| Build                          | RequestBuilder thread:10       | Start build 'UnityEditor.UI.EditorTests.csproj' with 1 target frameworks
22:36:06.520 |I| Build                          | RequestBuilder thread:10       | Targets for build: _CheckForInvalidConfigurationAndPlatform;CollectCentralPackageVersions;ResolveReferences;ResolveProjectReferences;ResolveAssemblyReferences;ResolveComReferences;ResolveNativeReferences;ResolveSdkReferences;ResolveFrameworkReferences;Compile;CoreCompile
22:36:06.520 |I| BuildQueue                     | RequestBuilder thread:10       | Build immediately: \home\olaf\Documents\air\robotic_arm\robotic_arm\Unity.Rider.Editor.csproj
22:36:06.520 |I| Build                          | RequestBuilder thread:10       | Start build 'Unity.Rider.Editor.csproj' with 1 target frameworks
22:36:06.522 |I| Build                          | RequestBuilder thread:10       | Targets for build: _CheckForInvalidConfigurationAndPlatform;CollectCentralPackageVersions;ResolveReferences;ResolveProjectReferences;ResolveAssemblyReferences;ResolveComReferences;ResolveNativeReferences;ResolveSdkReferences;ResolveFrameworkReferences;Compile;CoreCompile
22:36:06.522 |I| BuildQueue                     | RequestBuilder thread:10       | Build immediately: \home\olaf\Documents\air\robotic_arm\robotic_arm\JetBrains.Frontend.2020.2.csproj
22:36:06.522 |I| Build                          | RequestBuilder thread:10       | Start build 'JetBrains.Frontend.2020.2.csproj' with 1 target frameworks
22:36:06.523 |I| Build                          | RequestBuilder thread:10       | Targets for build: _CheckForInvalidConfigurationAndPlatform;CollectCentralPackageVersions;ResolveReferences;ResolveProjectReferences;ResolveAssemblyReferences;ResolveComReferences;ResolveNativeReferences;ResolveSdkReferences;ResolveFrameworkReferences;Compile;CoreCompile
22:36:06.526 |I| BuildQueue                     | RequestBuilder thread:10       | Build immediately: \home\olaf\Documents\air\robotic_arm\robotic_arm\Unity.TextMeshPro.Tests.csproj
22:36:06.526 |I| Build                          | RequestBuilder thread:10       | Start build 'Unity.TextMeshPro.Tests.csproj' with 1 target frameworks
22:36:06.527 |I| Build                          | RequestBuilder thread:10       | Targets for build: _CheckForInvalidConfigurationAndPlatform;CollectCentralPackageVersions;ResolveReferences;ResolveProjectReferences;ResolveAssemblyReferences;ResolveComReferences;ResolveNativeReferences;ResolveSdkReferences;ResolveFrameworkReferences;Compile;CoreCompile
22:36:06.528 |I| BuildQueue                     | RequestBuilder thread:10       | Build immediately: \home\olaf\Documents\air\robotic_arm\robotic_arm\Unity.Performance.Profile-Analyzer.Editor.csproj
22:36:06.528 |I| Build                          | RequestBuilder thread:10       | Start build 'Unity.Performance.Profile-Analyzer.Editor.csproj' with 1 target frameworks
22:36:06.529 |I| Build                          | RequestBuilder thread:10       | Targets for build: _CheckForInvalidConfigurationAndPlatform;CollectCentralPackageVersions;ResolveReferences;ResolveProjectReferences;ResolveAssemblyReferences;ResolveComReferences;ResolveNativeReferences;ResolveSdkReferences;ResolveFrameworkReferences;Compile;CoreCompile
22:36:06.553 |I| BuildQueue                     | RequestBuilder thread:10       | Build immediately: \home\olaf\Documents\air\robotic_arm\robotic_arm\Unity.PlasticSCM.Editor.csproj
22:36:06.553 |I| Build                          | RequestBuilder thread:10       | Start build 'Unity.PlasticSCM.Editor.csproj' with 1 target frameworks
22:36:06.558 |I| Build                          | RequestBuilder thread:10       | Targets for build: _CheckForInvalidConfigurationAndPlatform;CollectCentralPackageVersions;ResolveReferences;ResolveProjectReferences;ResolveAssemblyReferences;ResolveComReferences;ResolveNativeReferences;ResolveSdkReferences;ResolveFrameworkReferences;Compile;CoreCompile
22:36:06.558 |I| BuildQueue                     | RequestBuilder thread:10       | Build immediately: \home\olaf\Documents\air\robotic_arm\robotic_arm\JetBrains.Frontend.2022.2.csproj
22:36:06.558 |I| Build                          | RequestBuilder thread:10       | Start build 'JetBrains.Frontend.2022.2.csproj' with 1 target frameworks
22:36:06.559 |I| Build                          | RequestBuilder thread:10       | Targets for build: _CheckForInvalidConfigurationAndPlatform;CollectCentralPackageVersions;ResolveReferences;ResolveProjectReferences;ResolveAssemblyReferences;ResolveComReferences;ResolveNativeReferences;ResolveSdkReferences;ResolveFrameworkReferences;Compile;CoreCompile
22:36:06.559 |I| BuildQueue                     | RequestBuilder thread:10       | Build immediately: \home\olaf\Documents\air\robotic_arm\robotic_arm\UnityEngine.TestRunner.csproj
22:36:06.559 |I| Build                          | RequestBuilder thread:10       | Start build 'UnityEngine.TestRunner.csproj' with 1 target frameworks
22:36:06.559 |I| Build                          | .NET ThreadPool Worker:17      | Finish build part [1/1] for project 'Unity.Settings.Tests.csproj': Success
22:36:06.559 |I| Build                          | .NET ThreadPool Worker:17      | Finish build project 'Unity.Settings.Tests.csproj': Success
22:36:06.561 |I| Build                          | RequestBuilder thread:10       | Targets for build: _CheckForInvalidConfigurationAndPlatform;CollectCentralPackageVersions;ResolveReferences;ResolveProjectReferences;ResolveAssemblyReferences;ResolveComReferences;ResolveNativeReferences;ResolveSdkReferences;ResolveFrameworkReferences;Compile;CoreCompile
22:36:06.561 |I| BuildQueue                     | RequestBuilder thread:10       | Build immediately: \home\olaf\Documents\air\robotic_arm\robotic_arm\DocCodeExamples.csproj
22:36:06.561 |I| Build                          | RequestBuilder thread:10       | Start build 'DocCodeExamples.csproj' with 1 target frameworks
22:36:06.562 |I| Build                          | RequestBuilder thread:10       | Targets for build: _CheckForInvalidConfigurationAndPlatform;CollectCentralPackageVersions;ResolveReferences;ResolveProjectReferences;ResolveAssemblyReferences;ResolveComReferences;ResolveNativeReferences;ResolveSdkReferences;ResolveFrameworkReferences;Compile;CoreCompile
22:36:06.562 |I| BuildQueue                     | RequestBuilder thread:10       | Build immediately: \home\olaf\Documents\air\robotic_arm\robotic_arm\Unity.VSCode.Editor.csproj
22:36:06.562 |I| Build                          | RequestBuilder thread:10       | Start build 'Unity.VSCode.Editor.csproj' with 1 target frameworks
22:36:06.564 |I| Build                          | RequestBuilder thread:10       | Targets for build: _CheckForInvalidConfigurationAndPlatform;CollectCentralPackageVersions;ResolveReferences;ResolveProjectReferences;ResolveAssemblyReferences;ResolveComReferences;ResolveNativeReferences;ResolveSdkReferences;ResolveFrameworkReferences;Compile;CoreCompile
22:36:06.564 |I| BuildQueue                     | RequestBuilder thread:10       | Build immediately: \home\olaf\Documents\air\robotic_arm\robotic_arm\Assembly-CSharp-firstpass.csproj
22:36:06.564 |I| Build                          | RequestBuilder thread:10       | Start build 'Assembly-CSharp-firstpass.csproj' with 1 target frameworks
22:36:06.565 |I| Build                          | RequestBuilder thread:10       | Targets for build: _CheckForInvalidConfigurationAndPlatform;CollectCentralPackageVersions;ResolveReferences;ResolveProjectReferences;ResolveAssemblyReferences;ResolveComReferences;ResolveNativeReferences;ResolveSdkReferences;ResolveFrameworkReferences;Compile;CoreCompile
22:36:06.566 |I| BuildQueue                     | RequestBuilder thread:10       | Build immediately: \home\olaf\Documents\air\robotic_arm\robotic_arm\UnityEngine.UI.csproj
22:36:06.567 |I| Build                          | RequestBuilder thread:10       | Start build 'UnityEngine.UI.csproj' with 1 target frameworks
22:36:06.571 |I| Build                          | RequestBuilder thread:10       | Targets for build: _CheckForInvalidConfigurationAndPlatform;CollectCentralPackageVersions;ResolveReferences;ResolveProjectReferences;ResolveAssemblyReferences;ResolveComReferences;ResolveNativeReferences;ResolveSdkReferences;ResolveFrameworkReferences;Compile;CoreCompile
22:36:06.571 |I| BuildQueue                     | RequestBuilder thread:10       | Build immediately: \home\olaf\Documents\air\robotic_arm\robotic_arm\Unity.VisualScripting.Core.Editor.csproj
22:36:06.571 |I| Build                          | RequestBuilder thread:10       | Start build 'Unity.VisualScripting.Core.Editor.csproj' with 1 target frameworks
22:36:06.574 |I| Build                          | RequestBuilder thread:10       | Targets for build: _CheckForInvalidConfigurationAndPlatform;CollectCentralPackageVersions;ResolveReferences;ResolveProjectReferences;ResolveAssemblyReferences;ResolveComReferences;ResolveNativeReferences;ResolveSdkReferences;ResolveFrameworkReferences;Compile;CoreCompile
22:36:06.574 |I| BuildQueue                     | RequestBuilder thread:10       | Build immediately: \home\olaf\Documents\air\robotic_arm\robotic_arm\Unity.TestTools.CodeCoverage.Editor.Compatibility.csproj
22:36:06.574 |I| Build                          | RequestBuilder thread:10       | Start build 'Unity.TestTools.CodeCoverage.Editor.Compatibility.csproj' with 1 target frameworks
22:36:06.575 |I| Build                          | RequestBuilder thread:10       | Targets for build: _CheckForInvalidConfigurationAndPlatform;CollectCentralPackageVersions;ResolveReferences;ResolveProjectReferences;ResolveAssemblyReferences;ResolveComReferences;ResolveNativeReferences;ResolveSdkReferences;ResolveFrameworkReferences;Compile;CoreCompile
22:36:06.575 |I| BuildQueue                     | RequestBuilder thread:10       | Build immediately: \home\olaf\Documents\air\robotic_arm\robotic_arm\UnityEditor.UI.csproj
22:36:06.575 |I| Build                          | RequestBuilder thread:10       | Start build 'UnityEditor.UI.csproj' with 1 target frameworks
22:36:06.588 |I| Build                          | RequestBuilder thread:10       | Targets for build: _CheckForInvalidConfigurationAndPlatform;CollectCentralPackageVersions;ResolveReferences;ResolveProjectReferences;ResolveAssemblyReferences;ResolveComReferences;ResolveNativeReferences;ResolveSdkReferences;ResolveFrameworkReferences;Compile;CoreCompile
22:36:06.588 |I| BuildQueue                     | RequestBuilder thread:10       | Build immediately: \home\olaf\Documents\air\robotic_arm\robotic_arm\Unity.TextMeshPro.Editor.Tests.csproj
22:36:06.588 |I| Build                          | RequestBuilder thread:10       | Start build 'Unity.TextMeshPro.Editor.Tests.csproj' with 1 target frameworks
22:36:06.589 |I| Build                          | RequestBuilder thread:10       | Targets for build: _CheckForInvalidConfigurationAndPlatform;CollectCentralPackageVersions;ResolveReferences;ResolveProjectReferences;ResolveAssemblyReferences;ResolveComReferences;ResolveNativeReferences;ResolveSdkReferences;ResolveFrameworkReferences;Compile;CoreCompile
22:36:06.589 |I| BuildQueue                     | RequestBuilder thread:10       | Build immediately: \home\olaf\Documents\air\robotic_arm\robotic_arm\Unity.VisualScripting.Flow.Editor.csproj
22:36:06.589 |I| Build                          | RequestBuilder thread:10       | Start build 'Unity.VisualScripting.Flow.Editor.csproj' with 1 target frameworks
22:36:06.591 |I| Build                          | RequestBuilder thread:10       | Targets for build: _CheckForInvalidConfigurationAndPlatform;CollectCentralPackageVersions;ResolveReferences;ResolveProjectReferences;ResolveAssemblyReferences;ResolveComReferences;ResolveNativeReferences;ResolveSdkReferences;ResolveFrameworkReferences;Compile;CoreCompile
22:36:06.591 |I| BuildQueue                     | RequestBuilder thread:10       | Build immediately: \home\olaf\Documents\air\robotic_arm\robotic_arm\JetBrains.Frontend.2019.4.csproj
22:36:06.591 |I| Build                          | RequestBuilder thread:10       | Start build 'JetBrains.Frontend.2019.4.csproj' with 1 target frameworks
22:36:06.592 |I| Build                          | RequestBuilder thread:10       | Targets for build: _CheckForInvalidConfigurationAndPlatform;CollectCentralPackageVersions;ResolveReferences;ResolveProjectReferences;ResolveAssemblyReferences;ResolveComReferences;ResolveNativeReferences;ResolveSdkReferences;ResolveFrameworkReferences;Compile;CoreCompile
22:36:06.592 |I| BuildQueue                     | RequestBuilder thread:10       | Build immediately: \home\olaf\Documents\air\robotic_arm\robotic_arm\Unity.TestTools.CodeCoverage.Editor.OpenCover.Model.csproj
22:36:06.593 |I| Build                          | RequestBuilder thread:10       | Start build 'Unity.TestTools.CodeCoverage.Editor.OpenCover.Model.csproj' with 1 target frameworks
22:36:06.594 |I| Build                          | RequestBuilder thread:10       | Targets for build: _CheckForInvalidConfigurationAndPlatform;CollectCentralPackageVersions;ResolveReferences;ResolveProjectReferences;ResolveAssemblyReferences;ResolveComReferences;ResolveNativeReferences;ResolveSdkReferences;ResolveFrameworkReferences;Compile;CoreCompile
22:36:06.595 |I| BuildQueue                     | RequestBuilder thread:10       | Build immediately: \home\olaf\Documents\air\robotic_arm\robotic_arm\Unity.VisualScripting.Flow.csproj
22:36:06.595 |I| Build                          | RequestBuilder thread:10       | Start build 'Unity.VisualScripting.Flow.csproj' with 1 target frameworks
22:36:06.596 |I| Build                          | RequestBuilder thread:10       | Targets for build: _CheckForInvalidConfigurationAndPlatform;CollectCentralPackageVersions;ResolveReferences;ResolveProjectReferences;ResolveAssemblyReferences;ResolveComReferences;ResolveNativeReferences;ResolveSdkReferences;ResolveFrameworkReferences;Compile;CoreCompile
22:36:06.597 |I| BuildQueue                     | RequestBuilder thread:10       | Build immediately: \home\olaf\Documents\air\robotic_arm\robotic_arm\Unity.VisualStudio.Editor.csproj
22:36:06.597 |I| Build                          | RequestBuilder thread:10       | Start build 'Unity.VisualStudio.Editor.csproj' with 1 target frameworks
22:36:06.599 |I| Build                          | RequestBuilder thread:10       | Targets for build: _CheckForInvalidConfigurationAndPlatform;CollectCentralPackageVersions;ResolveReferences;ResolveProjectReferences;ResolveAssemblyReferences;ResolveComReferences;ResolveNativeReferences;ResolveSdkReferences;ResolveFrameworkReferences;Compile;CoreCompile
22:36:06.601 |I| BuildQueue                     | RequestBuilder thread:10       | Build immediately: \home\olaf\Documents\air\robotic_arm\robotic_arm\Unity.VisualScripting.State.csproj
22:36:06.601 |I| Build                          | RequestBuilder thread:10       | Start build 'Unity.VisualScripting.State.csproj' with 1 target frameworks
22:36:06.602 |I| Build                          | RequestBuilder thread:10       | Targets for build: _CheckForInvalidConfigurationAndPlatform;CollectCentralPackageVersions;ResolveReferences;ResolveProjectReferences;ResolveAssemblyReferences;ResolveComReferences;ResolveNativeReferences;ResolveSdkReferences;ResolveFrameworkReferences;Compile;CoreCompile
22:36:06.604 |I| BuildQueue                     | RequestBuilder thread:10       | Build immediately: \home\olaf\Documents\air\robotic_arm\robotic_arm\Unity.EditorCoroutines.Editor.csproj
22:36:06.604 |I| Build                          | RequestBuilder thread:10       | Start build 'Unity.EditorCoroutines.Editor.csproj' with 1 target frameworks
22:36:06.606 |I| Build                          | RequestBuilder thread:10       | Targets for build: _CheckForInvalidConfigurationAndPlatform;CollectCentralPackageVersions;ResolveReferences;ResolveProjectReferences;ResolveAssemblyReferences;ResolveComReferences;ResolveNativeReferences;ResolveSdkReferences;ResolveFrameworkReferences;Compile;CoreCompile
22:36:06.607 |I| BuildQueue                     | RequestBuilder thread:10       | Build immediately: \home\olaf\Documents\air\robotic_arm\robotic_arm\Unity.VisualScripting.Core.csproj
22:36:06.607 |I| Build                          | RequestBuilder thread:10       | Start build 'Unity.VisualScripting.Core.csproj' with 1 target frameworks
22:36:06.612 |I| Build                          | RequestBuilder thread:10       | Targets for build: _CheckForInvalidConfigurationAndPlatform;CollectCentralPackageVersions;ResolveReferences;ResolveProjectReferences;ResolveAssemblyReferences;ResolveComReferences;ResolveNativeReferences;ResolveSdkReferences;ResolveFrameworkReferences;Compile;CoreCompile
22:36:06.613 |I| Build                          | .NET ThreadPool Worker:32      | Finish build part [1/1] for project 'Assembly-CSharp-firstpass.csproj': Success
22:36:06.613 |I| Build                          | .NET ThreadPool Worker:32      | Finish build project 'Assembly-CSharp-firstpass.csproj': Success
22:36:06.614 |I| BuildQueue                     | RequestBuilder thread:10       | Build immediately: \home\olaf\Documents\air\robotic_arm\robotic_arm\Unity.Timeline.Editor.csproj
22:36:06.614 |I| Build                          | RequestBuilder thread:10       | Start build 'Unity.Timeline.Editor.csproj' with 1 target frameworks
22:36:06.616 |I| Build                          | RequestBuilder thread:10       | Targets for build: _CheckForInvalidConfigurationAndPlatform;CollectCentralPackageVersions;ResolveReferences;ResolveProjectReferences;ResolveAssemblyReferences;ResolveComReferences;ResolveNativeReferences;ResolveSdkReferences;ResolveFrameworkReferences;Compile;CoreCompile
22:36:06.617 |I| BuildQueue                     | RequestBuilder thread:10       | Build immediately: \home\olaf\Documents\air\robotic_arm\robotic_arm\Unity.TextMeshPro.Editor.csproj
22:36:06.617 |I| Build                          | RequestBuilder thread:10       | Start build 'Unity.TextMeshPro.Editor.csproj' with 1 target frameworks
22:36:06.618 |I| Build                          | RequestBuilder thread:10       | Targets for build: _CheckForInvalidConfigurationAndPlatform;CollectCentralPackageVersions;ResolveReferences;ResolveProjectReferences;ResolveAssemblyReferences;ResolveComReferences;ResolveNativeReferences;ResolveSdkReferences;ResolveFrameworkReferences;Compile;CoreCompile
22:36:06.618 |I| BuildQueue                     | RequestBuilder thread:10       | Build immediately: \home\olaf\Documents\air\robotic_arm\robotic_arm\Unity.Settings.Editor.csproj
22:36:06.619 |I| Build                          | RequestBuilder thread:10       | Start build 'Unity.Settings.Editor.csproj' with 1 target frameworks
22:36:06.633 |I| Build                          | RequestBuilder thread:10       | Targets for build: _CheckForInvalidConfigurationAndPlatform;CollectCentralPackageVersions;ResolveReferences;ResolveProjectReferences;ResolveAssemblyReferences;ResolveComReferences;ResolveNativeReferences;ResolveSdkReferences;ResolveFrameworkReferences;Compile;CoreCompile
22:36:06.633 |I| BuildQueue                     | RequestBuilder thread:10       | Build immediately: \home\olaf\Documents\air\robotic_arm\robotic_arm\Unity.TextMeshPro.csproj
22:36:06.633 |I| Build                          | RequestBuilder thread:10       | Start build 'Unity.TextMeshPro.csproj' with 1 target frameworks
22:36:06.635 |I| Build                          | RequestBuilder thread:10       | Targets for build: _CheckForInvalidConfigurationAndPlatform;CollectCentralPackageVersions;ResolveReferences;ResolveProjectReferences;ResolveAssemblyReferences;ResolveComReferences;ResolveNativeReferences;ResolveSdkReferences;ResolveFrameworkReferences;Compile;CoreCompile
22:36:06.635 |I| BuildQueue                     | RequestBuilder thread:10       | Build immediately: \home\olaf\Documents\air\robotic_arm\robotic_arm\Unity.VisualScripting.State.Editor.csproj
22:36:06.635 |I| Build                          | RequestBuilder thread:10       | Start build 'Unity.VisualScripting.State.Editor.csproj' with 1 target frameworks
22:36:06.636 |I| Build                          | RequestBuilder thread:10       | Targets for build: _CheckForInvalidConfigurationAndPlatform;CollectCentralPackageVersions;ResolveReferences;ResolveProjectReferences;ResolveAssemblyReferences;ResolveComReferences;ResolveNativeReferences;ResolveSdkReferences;ResolveFrameworkReferences;Compile;CoreCompile
22:36:06.636 |I| Build                          | .NET ThreadPool Worker:34      | Finish build part [1/1] for project 'JetBrains.Frontend.2022.2.csproj': Success
22:36:06.636 |I| Build                          | .NET ThreadPool Worker:34      | Finish build project 'JetBrains.Frontend.2022.2.csproj': Success
22:36:06.637 |I| BuildQueue                     | RequestBuilder thread:10       | Build immediately: \home\olaf\Documents\air\robotic_arm\robotic_arm\Unity.VisualScripting.SettingsProvider.Editor.csproj
22:36:06.637 |I| Build                          | RequestBuilder thread:10       | Start build 'Unity.VisualScripting.SettingsProvider.Editor.csproj' with 1 target frameworks
22:36:06.639 |I| Build                          | RequestBuilder thread:10       | Targets for build: _CheckForInvalidConfigurationAndPlatform;CollectCentralPackageVersions;ResolveReferences;ResolveProjectReferences;ResolveAssemblyReferences;ResolveComReferences;ResolveNativeReferences;ResolveSdkReferences;ResolveFrameworkReferences;Compile;CoreCompile
22:36:06.639 |I| BuildQueue                     | RequestBuilder thread:10       | Build immediately: \home\olaf\Documents\air\robotic_arm\robotic_arm\Unity.Timeline.csproj
22:36:06.639 |I| Build                          | RequestBuilder thread:10       | Start build 'Unity.Timeline.csproj' with 1 target frameworks
22:36:06.641 |I| Build                          | RequestBuilder thread:10       | Targets for build: _CheckForInvalidConfigurationAndPlatform;CollectCentralPackageVersions;ResolveReferences;ResolveProjectReferences;ResolveAssemblyReferences;ResolveComReferences;ResolveNativeReferences;ResolveSdkReferences;ResolveFrameworkReferences;Compile;CoreCompile
22:36:06.641 |I| BuildQueue                     | RequestBuilder thread:10       | Build immediately: \home\olaf\Documents\air\robotic_arm\robotic_arm\JetBrains.Frontend.2021.2.csproj
22:36:06.641 |I| Build                          | RequestBuilder thread:10       | Start build 'JetBrains.Frontend.2021.2.csproj' with 1 target frameworks
22:36:06.643 |I| Build                          | RequestBuilder thread:10       | Targets for build: _CheckForInvalidConfigurationAndPlatform;CollectCentralPackageVersions;ResolveReferences;ResolveProjectReferences;ResolveAssemblyReferences;ResolveComReferences;ResolveNativeReferences;ResolveSdkReferences;ResolveFrameworkReferences;Compile;CoreCompile
22:36:06.644 |I| BuildQueue                     | RequestBuilder thread:10       | Build immediately: \home\olaf\Documents\air\robotic_arm\robotic_arm\Unity.TestTools.CodeCoverage.Editor.OpenCover.Mono.Reflection.csproj
22:36:06.644 |I| Build                          | RequestBuilder thread:10       | Start build 'Unity.TestTools.CodeCoverage.Editor.OpenCover.Mono.Reflection.csproj' with 1 target frameworks
22:36:06.646 |I| Build                          | RequestBuilder thread:10       | Targets for build: _CheckForInvalidConfigurationAndPlatform;CollectCentralPackageVersions;ResolveReferences;ResolveProjectReferences;ResolveAssemblyReferences;ResolveComReferences;ResolveNativeReferences;ResolveSdkReferences;ResolveFrameworkReferences;Compile;CoreCompile
22:36:06.646 |I| BuildQueue                     | RequestBuilder thread:10       | Build immediately: \home\olaf\Documents\air\robotic_arm\robotic_arm\UnityEditor.TestRunner.csproj
22:36:06.646 |I| Build                          | RequestBuilder thread:10       | Start build 'UnityEditor.TestRunner.csproj' with 1 target frameworks
22:36:06.648 |I| Build                          | RequestBuilder thread:10       | Targets for build: _CheckForInvalidConfigurationAndPlatform;CollectCentralPackageVersions;ResolveReferences;ResolveProjectReferences;ResolveAssemblyReferences;ResolveComReferences;ResolveNativeReferences;ResolveSdkReferences;ResolveFrameworkReferences;Compile;CoreCompile
22:36:06.648 |I| BuildQueue                     | RequestBuilder thread:10       | Build immediately: \home\olaf\Documents\air\robotic_arm\robotic_arm\Unity.VisualScripting.Shared.Editor.csproj
22:36:06.648 |I| Build                          | RequestBuilder thread:10       | Start build 'Unity.VisualScripting.Shared.Editor.csproj' with 1 target frameworks
22:36:06.650 |I| Build                          | RequestBuilder thread:10       | Targets for build: _CheckForInvalidConfigurationAndPlatform;CollectCentralPackageVersions;ResolveReferences;ResolveProjectReferences;ResolveAssemblyReferences;ResolveComReferences;ResolveNativeReferences;ResolveSdkReferences;ResolveFrameworkReferences;Compile;CoreCompile
22:36:06.650 |I| BuildQueue                     | RequestBuilder thread:10       | Build immediately: \home\olaf\Documents\air\robotic_arm\robotic_arm\Unity.CollabProxy.Editor.csproj
22:36:06.650 |I| Build                          | RequestBuilder thread:10       | Start build 'Unity.CollabProxy.Editor.csproj' with 1 target frameworks
22:36:06.652 |I| Build                          | RequestBuilder thread:10       | Targets for build: _CheckForInvalidConfigurationAndPlatform;CollectCentralPackageVersions;ResolveReferences;ResolveProjectReferences;ResolveAssemblyReferences;ResolveComReferences;ResolveNativeReferences;ResolveSdkReferences;ResolveFrameworkReferences;Compile;CoreCompile
22:36:06.653 |I| BuildQueue                     | RequestBuilder thread:10       | Build immediately: \home\olaf\Documents\air\robotic_arm\robotic_arm\Assembly-CSharp-Editor.csproj
22:36:06.653 |I| Build                          | RequestBuilder thread:10       | Start build 'Assembly-CSharp-Editor.csproj' with 1 target frameworks
22:36:06.654 |I| Build                          | RequestBuilder thread:10       | Targets for build: _CheckForInvalidConfigurationAndPlatform;CollectCentralPackageVersions;ResolveReferences;ResolveProjectReferences;ResolveAssemblyReferences;ResolveComReferences;ResolveNativeReferences;ResolveSdkReferences;ResolveFrameworkReferences;Compile;CoreCompile
22:36:06.896 |I| Build                          | .NET ThreadPool Worker:34      | Finish build part [1/1] for project 'Unity.Settings.Editor.csproj': Success
22:36:06.896 |I| Build                          | .NET ThreadPool Worker:34      | Finish build project 'Unity.Settings.Editor.csproj': Success
22:36:06.994 |I| Build                          | .NET ThreadPool Worker:34      | Finish build part [1/1] for project 'Unity.EditorCoroutines.Editor.csproj': Success
22:36:06.995 |I| Build                          | .NET ThreadPool Worker:34      | Finish build project 'Unity.EditorCoroutines.Editor.csproj': Success
22:36:07.002 |I| Build                          | .NET ThreadPool Worker:17      | Finish build part [1/1] for project 'Unity.TextMeshPro.csproj': Success
22:36:07.003 |I| Build                          | .NET ThreadPool Worker:17      | Finish build project 'Unity.TextMeshPro.csproj': Success
22:36:07.083 |I| Build                          | .NET ThreadPool Worker:5       | Finish build part [1/1] for project 'Unity.VisualScripting.Shared.Editor.csproj': Success
22:36:07.083 |I| Build                          | .NET ThreadPool Worker:5       | Finish build project 'Unity.VisualScripting.Shared.Editor.csproj': Success
22:36:07.113 |I| Build                          | .NET ThreadPool Worker:5       | Finish build part [1/1] for project 'UnityEngine.UI.Tests.csproj': Success
22:36:07.113 |I| Build                          | .NET ThreadPool Worker:5       | Finish build project 'UnityEngine.UI.Tests.csproj': Success
22:36:07.172 |I| Build                          | .NET ThreadPool Worker:32      | Finish build part [1/1] for project 'UnityEditor.TestRunner.csproj': Success
22:36:07.173 |I| Build                          | .NET ThreadPool Worker:32      | Finish build project 'UnityEditor.TestRunner.csproj': Success
22:36:07.254 |I| Build                          | .NET ThreadPool Worker:34      | Finish build part [1/1] for project 'JetBrains.Frontend.2019.4.csproj': Success
22:36:07.254 |I| Build                          | .NET ThreadPool Worker:34      | Finish build project 'JetBrains.Frontend.2019.4.csproj': Success
22:36:07.295 |I| Build                          | .NET ThreadPool Worker:32      | Finish build part [1/1] for project 'Unity.TestTools.CodeCoverage.Editor.OpenCover.Mono.Reflection.csproj': Success
22:36:07.295 |I| Build                          | .NET ThreadPool Worker:32      | Finish build project 'Unity.TestTools.CodeCoverage.Editor.OpenCover.Mono.Reflection.csproj': Success
22:36:07.384 |I| Build                          | .NET ThreadPool Worker:32      | Finish build part [1/1] for project 'Unity.Timeline.csproj': Success
22:36:07.385 |I| Build                          | .NET ThreadPool Worker:32      | Finish build project 'Unity.Timeline.csproj': Success
22:36:07.454 |I| Build                          | .NET ThreadPool Worker:17      | Finish build part [1/1] for project 'Unity.VisualScripting.SettingsProvider.Editor.csproj': Success
22:36:07.454 |I| Build                          | .NET ThreadPool Worker:17      | Finish build project 'Unity.VisualScripting.SettingsProvider.Editor.csproj': Success
22:36:07.464 |I| Build                          | .NET ThreadPool Worker:3       | Finish build part [1/1] for project 'JetBrains.Frontend.2021.2.csproj': Success
22:36:07.464 |I| Build                          | .NET ThreadPool Worker:3       | Finish build project 'JetBrains.Frontend.2021.2.csproj': Success
22:36:07.484 |I| Build                          | .NET ThreadPool Worker:33      | Finish build part [1/1] for project 'Unity.CollabProxy.Editor.csproj': Success
22:36:07.484 |I| Build                          | .NET ThreadPool Worker:33      | Finish build project 'Unity.CollabProxy.Editor.csproj': Success
22:36:07.514 |I| Build                          | .NET ThreadPool Worker:5       | Finish build part [1/1] for project 'Unity.TextMeshPro.Editor.csproj': Success
22:36:07.514 |I| Build                          | .NET ThreadPool Worker:5       | Finish build project 'Unity.TextMeshPro.Editor.csproj': Success
22:36:07.548 |I| Build                          | .NET ThreadPool Worker:33      | Finish build part [1/1] for project 'Unity.TextMeshPro.Editor.Tests.csproj': Success
22:36:07.548 |I| Build                          | .NET ThreadPool Worker:33      | Finish build project 'Unity.TextMeshPro.Editor.Tests.csproj': Success
22:36:07.552 |I| Build                          | .NET ThreadPool Worker:29      | Finish build part [1/1] for project 'Unity.TestTools.CodeCoverage.Editor.Compatibility.csproj': Success
22:36:07.552 |I| Build                          | .NET ThreadPool Worker:29      | Finish build project 'Unity.TestTools.CodeCoverage.Editor.Compatibility.csproj': Success
22:36:07.573 |I| Build                          | .NET ThreadPool Worker:29      | Finish build part [1/1] for project 'Unity.VisualScripting.State.Editor.csproj': Success
22:36:07.573 |I| Build                          | .NET ThreadPool Worker:29      | Finish build project 'Unity.VisualScripting.State.Editor.csproj': Success
22:36:07.619 |I| Build                          | .NET ThreadPool Worker:33      | Finish build part [1/1] for project 'DocCodeExamples.csproj': Success
22:36:07.619 |I| Build                          | .NET ThreadPool Worker:33      | Finish build project 'DocCodeExamples.csproj': Success
22:36:07.655 |I| Build                          | .NET ThreadPool Worker:33      | Finish build part [1/1] for project 'Unity.TextMeshPro.Tests.csproj': Success
22:36:07.655 |I| Build                          | .NET ThreadPool Worker:33      | Finish build project 'Unity.TextMeshPro.Tests.csproj': Success
22:36:07.668 |I| Build                          | .NET ThreadPool Worker:34      | Finish build part [1/1] for project 'Unity.VisualScripting.Core.csproj': Success
22:36:07.668 |I| Build                          | .NET ThreadPool Worker:34      | Finish build project 'Unity.VisualScripting.Core.csproj': Success
22:36:07.698 |I| Build                          | .NET ThreadPool Worker:29      | Finish build part [1/1] for project 'UnityEditor.UI.EditorTests.csproj': Success
22:36:07.698 |I| Build                          | .NET ThreadPool Worker:29      | Finish build project 'UnityEditor.UI.EditorTests.csproj': Success
22:36:07.710 |I| Build                          | .NET ThreadPool Worker:5       | Finish build part [1/1] for project 'JetBrains.Frontend.2020.2.csproj': Success
22:36:07.710 |I| Build                          | .NET ThreadPool Worker:5       | Finish build project 'JetBrains.Frontend.2020.2.csproj': Success
22:36:07.747 |I| Build                          | .NET ThreadPool Worker:29      | Finish build part [1/1] for project 'Unity.Performance.Profile-Analyzer.EditorTests.csproj': Success
22:36:07.747 |I| Build                          | .NET ThreadPool Worker:29      | Finish build project 'Unity.Performance.Profile-Analyzer.EditorTests.csproj': Success
22:36:07.765 |I| Build                          | .NET ThreadPool Worker:24      | Finish build part [1/1] for project 'Unity.VisualScripting.State.csproj': Success
22:36:07.765 |I| Build                          | .NET ThreadPool Worker:24      | Finish build project 'Unity.VisualScripting.State.csproj': Success
22:36:07.790 |I| Build                          | .NET ThreadPool Worker:5       | Finish build part [1/1] for project 'Assembly-CSharp.csproj': Success
22:36:07.790 |I| Build                          | .NET ThreadPool Worker:5       | Finish build project 'Assembly-CSharp.csproj': Success
22:36:07.845 |I| Build                          | .NET ThreadPool Worker:24      | Finish build part [1/1] for project 'Unity.VisualScripting.Flow.csproj': Success
22:36:07.845 |I| Build                          | .NET ThreadPool Worker:24      | Finish build project 'Unity.VisualScripting.Flow.csproj': Success
22:36:07.948 |I| Build                          | .NET ThreadPool Worker:23      | Finish build part [1/1] for project 'Unity.VisualScripting.Flow.Editor.csproj': Success
22:36:07.948 |I| Build                          | .NET ThreadPool Worker:23      | Finish build project 'Unity.VisualScripting.Flow.Editor.csproj': Success
22:36:07.999 |I| Build                          | .NET ThreadPool Worker:5       | Finish build part [1/1] for project 'Assembly-CSharp-Editor.csproj': Success
22:36:07.999 |I| Build                          | .NET ThreadPool Worker:5       | Finish build project 'Assembly-CSharp-Editor.csproj': Success
22:36:08.025 |I| Build                          | .NET ThreadPool Worker:3       | Finish build part [1/1] for project 'Unity.Timeline.Editor.csproj': Success
22:36:08.025 |I| Build                          | .NET ThreadPool Worker:3       | Finish build project 'Unity.Timeline.Editor.csproj': Success
22:36:08.047 |I| Build                          | .NET ThreadPool Worker:17      | Finish build part [1/1] for project 'UnityEditor.UI.csproj': Success
22:36:08.047 |I| Build                          | .NET ThreadPool Worker:17      | Finish build project 'UnityEditor.UI.csproj': Success
22:36:08.148 |I| Build                          | .NET ThreadPool Worker:24      | Finish build part [1/1] for project 'Unity.VisualScripting.Core.Editor.csproj': Success
22:36:08.148 |I| Build                          | .NET ThreadPool Worker:24      | Finish build project 'Unity.VisualScripting.Core.Editor.csproj': Success
22:36:08.232 |I| Build                          | .NET ThreadPool Worker:33      | Finish build part [1/1] for project 'Unity.VisualStudio.Editor.csproj': Success
22:36:08.232 |I| Build                          | .NET ThreadPool Worker:33      | Finish build project 'Unity.VisualStudio.Editor.csproj': Success
22:36:08.301 |I| Build                          | .NET ThreadPool Worker:17      | Finish build part [1/1] for project 'UnityEngine.UI.csproj': Success
22:36:08.302 |I| Build                          | .NET ThreadPool Worker:17      | Finish build project 'UnityEngine.UI.csproj': Success
22:36:08.365 |I| Build                          | .NET ThreadPool Worker:5       | Finish build part [1/1] for project 'UnityEngine.TestRunner.csproj': Success
22:36:08.365 |I| Build                          | .NET ThreadPool Worker:5       | Finish build project 'UnityEngine.TestRunner.csproj': Success
22:36:08.394 |I| Build                          | .NET ThreadPool Worker:3       | Finish build part [1/1] for project 'Unity.TestTools.CodeCoverage.Editor.OpenCover.Model.csproj': Success
22:36:08.394 |I| Build                          | .NET ThreadPool Worker:3       | Finish build project 'Unity.TestTools.CodeCoverage.Editor.OpenCover.Model.csproj': Success
22:36:08.438 |I| Build                          | .NET ThreadPool Worker:33      | Finish build part [1/1] for project 'Unity.PlasticSCM.Editor.csproj': Success
22:36:08.438 |I| Build                          | .NET ThreadPool Worker:33      | Finish build project 'Unity.PlasticSCM.Editor.csproj': Success
22:36:08.503 |I| Build                          | .NET ThreadPool Worker:33      | Finish build part [1/1] for project 'Unity.Rider.Editor.csproj': Success
22:36:08.503 |I| Build                          | .NET ThreadPool Worker:33      | Finish build project 'Unity.Rider.Editor.csproj': Success
22:36:08.537 |I| Build                          | .NET ThreadPool Worker:33      | Finish build part [1/1] for project 'Unity.VSCode.Editor.csproj': Success
22:36:08.537 |I| Build                          | .NET ThreadPool Worker:33      | Finish build project 'Unity.VSCode.Editor.csproj': Success
22:36:08.564 |I| Build                          | .NET ThreadPool Worker:3       | Finish build part [1/1] for project 'Unity.TestTools.CodeCoverage.Editor.csproj': Success
22:36:08.564 |I| Build                          | .NET ThreadPool Worker:3       | Finish build project 'Unity.TestTools.CodeCoverage.Editor.csproj': Success
22:36:08.639 |I| Build                          | .NET ThreadPool Worker:5       | Finish build part [1/1] for project 'Unity.Performance.Profile-Analyzer.Editor.csproj': Success
22:36:08.639 |I| Build                          | .NET ThreadPool Worker:5       | Finish build project 'Unity.Performance.Profile-Analyzer.Editor.csproj': Success
22:36:08.661 |I| Build                          | MSBuild LoggingService events queue pump: 8825307:20 | Build succeeded.
22:36:08.673 |I| ProjectModel                   | RequestBuilder thread:10       | Reloading has finished, statistic: 
	Total: 3.09 sec
	Binding: 0.46 sec
	Evaluation: 1.09 sec
18:03:18.483 |I| Core                           | RequestBuilder thread:10       | Msbuild session 'ProjectModelSessionHost' was terminated
18:03:18.503 |I| Core                           | RequestBuilder thread:10       | Connection lost, kill msbuild
